2019-08-31 11:26:02,580 CRIT Supervisor running as root (no user in config file)
2019-08-31 11:26:02,581 INFO Included extra file "/etc/supervisor/conf.d/supervisord.conf" during parsing
2019-08-31 11:26:02,605 INFO RPC interface 'supervisor' initialized
2019-08-31 11:26:02,605 CRIT Server 'unix_http_server' running without any HTTP authentication checking
2019-08-31 11:26:02,605 INFO supervisord started with pid 1
2019-08-31 11:26:03,608 INFO spawned: 'varnishd' with pid 15
2019-08-31 11:26:03,610 INFO spawned: 'php-fpm' with pid 16
2019-08-31 11:26:03,611 INFO spawned: 'varnish-plugins-watcher' with pid 17
2019-08-31 11:26:03,613 INFO spawned: 'nginx' with pid 18
2019-08-31 11:26:03,615 INFO spawned: 'MailHog' with pid 19
2019-08-31 11:26:03,616 INFO spawned: 'mysql' with pid 20
2019-08-31 11:26:03,619 INFO spawned: 'varnish-themes-watcher' with pid 21
2019-08-31 11:26:05,458 INFO success: varnishd entered RUNNING state, process has stayed up for > than 1 seconds (startsecs)
2019-08-31 11:26:05,459 INFO success: php-fpm entered RUNNING state, process has stayed up for > than 1 seconds (startsecs)
2019-08-31 11:26:05,459 INFO success: varnish-plugins-watcher entered RUNNING state, process has stayed up for > than 1 seconds (startsecs)
2019-08-31 11:26:05,459 INFO success: nginx entered RUNNING state, process has stayed up for > than 1 seconds (startsecs)
2019-08-31 11:26:05,459 INFO success: MailHog entered RUNNING state, process has stayed up for > than 1 seconds (startsecs)
2019-08-31 11:26:05,459 INFO success: mysql entered RUNNING state, process has stayed up for > than 1 seconds (startsecs)
2019-08-31 11:26:05,460 INFO success: varnish-themes-watcher entered RUNNING state, process has stayed up for > than 1 seconds (startsecs)
2019-08-31 11:36:20,975 WARN received SIGTERM indicating exit request
2019-08-31 11:36:20,975 INFO waiting for varnishd, php-fpm, varnish-plugins-watcher, nginx, MailHog, mysql, varnish-themes-watcher to die
2019-08-31 11:36:21,977 INFO stopped: varnish-themes-watcher (terminated by SIGTERM)
2019-08-31 11:36:21,991 INFO stopped: mysql (exit status 0)
2019-08-31 11:36:21,993 INFO stopped: MailHog (terminated by SIGTERM)
2019-08-31 11:36:22,004 INFO stopped: nginx (exit status 0)
2019-08-31 11:36:23,006 INFO stopped: varnish-plugins-watcher (terminated by SIGTERM)
2019-08-31 11:36:23,017 INFO stopped: php-fpm (exit status 0)
2019-08-31 11:36:23,349 INFO reaped unknown pid 27
2019-08-31 11:36:24,017 INFO reaped unknown pid 922
2019-08-31 11:36:24,017 INFO reaped unknown pid 923
2019-08-31 11:36:24,018 INFO waiting for varnishd to die
2019-08-31 11:36:24,098 INFO stopped: varnishd (exit status 0)
2019-08-31 11:36:24,955 CRIT Supervisor running as root (no user in config file)
2019-08-31 11:36:24,955 INFO Included extra file "/etc/supervisor/conf.d/supervisord.conf" during parsing
2019-08-31 11:36:25,041 INFO RPC interface 'supervisor' initialized
2019-08-31 11:36:25,045 CRIT Server 'unix_http_server' running without any HTTP authentication checking
2019-08-31 11:36:25,055 INFO supervisord started with pid 1
2019-08-31 11:36:26,058 INFO spawned: 'varnishd' with pid 53
2019-08-31 11:36:26,060 INFO spawned: 'php-fpm' with pid 54
2019-08-31 11:36:26,061 INFO spawned: 'varnish-plugins-watcher' with pid 55
2019-08-31 11:36:26,063 INFO spawned: 'nginx' with pid 56
2019-08-31 11:36:26,065 INFO spawned: 'MailHog' with pid 57
2019-08-31 11:36:26,067 INFO spawned: 'mysql' with pid 58
2019-08-31 11:36:26,069 INFO spawned: 'varnish-themes-watcher' with pid 59
2019-08-31 11:36:27,184 INFO success: varnishd entered RUNNING state, process has stayed up for > than 1 seconds (startsecs)
2019-08-31 11:36:27,187 INFO success: php-fpm entered RUNNING state, process has stayed up for > than 1 seconds (startsecs)
2019-08-31 11:36:27,187 INFO success: varnish-plugins-watcher entered RUNNING state, process has stayed up for > than 1 seconds (startsecs)
2019-08-31 11:36:27,187 INFO success: nginx entered RUNNING state, process has stayed up for > than 1 seconds (startsecs)
2019-08-31 11:36:27,187 INFO success: MailHog entered RUNNING state, process has stayed up for > than 1 seconds (startsecs)
2019-08-31 11:36:27,187 INFO success: mysql entered RUNNING state, process has stayed up for > than 1 seconds (startsecs)
2019-08-31 11:36:27,187 INFO success: varnish-themes-watcher entered RUNNING state, process has stayed up for > than 1 seconds (startsecs)
2019-08-31 21:40:15,575 WARN received SIGTERM indicating exit request
2019-08-31 21:40:15,575 INFO waiting for varnishd, php-fpm, varnish-plugins-watcher, nginx, MailHog, mysql, varnish-themes-watcher to die
2019-08-31 21:40:16,362 INFO stopped: varnish-themes-watcher (terminated by SIGTERM)
2019-08-31 21:40:16,363 INFO reaped unknown pid 14743
2019-08-31 21:40:16,379 INFO stopped: mysql (exit status 0)
2019-08-31 21:40:16,382 INFO stopped: MailHog (terminated by SIGTERM)
2019-08-31 21:40:16,395 INFO stopped: nginx (exit status 0)
2019-08-31 21:40:17,399 INFO stopped: varnish-plugins-watcher (terminated by SIGTERM)
2019-08-31 21:40:17,421 INFO stopped: php-fpm (exit status 0)
2019-08-31 21:40:18,503 INFO stopped: varnishd (exit status 0)
2019-09-02 13:18:31,842 CRIT Supervisor running as root (no user in config file)
2019-09-02 13:18:31,843 INFO Included extra file "/etc/supervisor/conf.d/supervisord.conf" during parsing
2019-09-02 13:18:31,875 INFO RPC interface 'supervisor' initialized
2019-09-02 13:18:31,879 CRIT Server 'unix_http_server' running without any HTTP authentication checking
2019-09-02 13:18:31,879 INFO supervisord started with pid 1
2019-09-02 13:18:32,888 INFO spawned: 'varnishd' with pid 51
2019-09-02 13:18:32,891 INFO spawned: 'php-fpm' with pid 52
2019-09-02 13:18:32,901 INFO spawned: 'varnish-plugins-watcher' with pid 53
2019-09-02 13:18:32,958 INFO spawned: 'nginx' with pid 54
2019-09-02 13:18:32,965 INFO spawned: 'MailHog' with pid 55
2019-09-02 13:18:32,994 INFO spawned: 'mysql' with pid 56
2019-09-02 13:18:33,014 INFO spawned: 'varnish-themes-watcher' with pid 57
2019-09-02 13:18:34,144 INFO success: varnishd entered RUNNING state, process has stayed up for > than 1 seconds (startsecs)
2019-09-02 13:18:34,145 INFO success: php-fpm entered RUNNING state, process has stayed up for > than 1 seconds (startsecs)
2019-09-02 13:18:34,145 INFO success: varnish-plugins-watcher entered RUNNING state, process has stayed up for > than 1 seconds (startsecs)
2019-09-02 13:18:34,145 INFO success: nginx entered RUNNING state, process has stayed up for > than 1 seconds (startsecs)
2019-09-02 13:18:34,145 INFO success: MailHog entered RUNNING state, process has stayed up for > than 1 seconds (startsecs)
2019-09-02 13:18:34,145 INFO success: mysql entered RUNNING state, process has stayed up for > than 1 seconds (startsecs)
2019-09-02 13:18:34,146 INFO success: varnish-themes-watcher entered RUNNING state, process has stayed up for > than 1 seconds (startsecs)
2019-09-02 14:36:34,068 WARN received SIGTERM indicating exit request
2019-09-02 14:36:34,069 INFO waiting for varnishd, php-fpm, varnish-plugins-watcher, nginx, MailHog, mysql, varnish-themes-watcher to die
2019-09-02 14:36:34,887 INFO stopped: varnish-themes-watcher (terminated by SIGTERM)
2019-09-02 14:36:34,887 INFO reaped unknown pid 4096
2019-09-02 14:36:34,901 INFO stopped: mysql (exit status 0)
2019-09-02 14:36:34,902 INFO stopped: MailHog (terminated by SIGTERM)
2019-09-02 14:36:34,913 INFO stopped: nginx (exit status 0)
2019-09-02 14:36:35,915 INFO stopped: varnish-plugins-watcher (terminated by SIGTERM)
2019-09-02 14:36:35,927 INFO stopped: php-fpm (exit status 0)
2019-09-02 14:36:36,655 INFO reaped unknown pid 71
2019-09-02 14:36:37,016 INFO stopped: varnishd (exit status 0)
2019-09-02 20:10:55,118 CRIT Supervisor running as root (no user in config file)
2019-09-02 20:10:55,119 INFO Included extra file "/etc/supervisor/conf.d/supervisord.conf" during parsing
2019-09-02 20:10:55,176 INFO RPC interface 'supervisor' initialized
2019-09-02 20:10:55,208 CRIT Server 'unix_http_server' running without any HTTP authentication checking
2019-09-02 20:10:55,210 INFO supervisord started with pid 1
2019-09-02 20:10:56,239 INFO spawned: 'varnishd' with pid 53
2019-09-02 20:10:56,243 INFO spawned: 'php-fpm' with pid 54
2019-09-02 20:10:56,256 INFO spawned: 'varnish-plugins-watcher' with pid 55
2019-09-02 20:10:56,274 INFO spawned: 'nginx' with pid 56
2019-09-02 20:10:56,298 INFO spawned: 'MailHog' with pid 59
2019-09-02 20:10:56,316 INFO spawned: 'mysql' with pid 65
2019-09-02 20:10:56,335 INFO spawned: 'varnish-themes-watcher' with pid 66
2019-09-02 20:10:57,398 INFO success: varnishd entered RUNNING state, process has stayed up for > than 1 seconds (startsecs)
2019-09-02 20:10:57,401 INFO success: php-fpm entered RUNNING state, process has stayed up for > than 1 seconds (startsecs)
2019-09-02 20:10:57,401 INFO success: varnish-plugins-watcher entered RUNNING state, process has stayed up for > than 1 seconds (startsecs)
2019-09-02 20:10:57,401 INFO success: nginx entered RUNNING state, process has stayed up for > than 1 seconds (startsecs)
2019-09-02 20:10:57,401 INFO success: MailHog entered RUNNING state, process has stayed up for > than 1 seconds (startsecs)
2019-09-02 20:10:57,401 INFO success: mysql entered RUNNING state, process has stayed up for > than 1 seconds (startsecs)
2019-09-02 20:10:57,401 INFO success: varnish-themes-watcher entered RUNNING state, process has stayed up for > than 1 seconds (startsecs)
2019-09-03 19:46:45,518 CRIT Supervisor running as root (no user in config file)
2019-09-03 19:46:45,519 INFO Included extra file "/etc/supervisor/conf.d/supervisord.conf" during parsing
2019-09-03 19:46:45,641 INFO RPC interface 'supervisor' initialized
2019-09-03 19:46:45,712 CRIT Server 'unix_http_server' running without any HTTP authentication checking
2019-09-03 19:46:45,718 INFO supervisord started with pid 1
2019-09-03 19:46:46,722 INFO spawned: 'varnishd' with pid 55
2019-09-03 19:46:46,726 INFO spawned: 'php-fpm' with pid 56
2019-09-03 19:46:46,735 INFO spawned: 'varnish-plugins-watcher' with pid 58
2019-09-03 19:46:46,750 INFO spawned: 'nginx' with pid 59
2019-09-03 19:46:46,764 INFO spawned: 'MailHog' with pid 60
2019-09-03 19:46:46,776 INFO spawned: 'mysql' with pid 61
2019-09-03 19:46:46,799 INFO spawned: 'varnish-themes-watcher' with pid 62
2019-09-03 19:46:47,899 INFO success: varnishd entered RUNNING state, process has stayed up for > than 1 seconds (startsecs)
2019-09-03 19:46:47,899 INFO success: php-fpm entered RUNNING state, process has stayed up for > than 1 seconds (startsecs)
2019-09-03 19:46:47,899 INFO success: varnish-plugins-watcher entered RUNNING state, process has stayed up for > than 1 seconds (startsecs)
2019-09-03 19:46:47,899 INFO success: nginx entered RUNNING state, process has stayed up for > than 1 seconds (startsecs)
2019-09-03 19:46:47,899 INFO success: MailHog entered RUNNING state, process has stayed up for > than 1 seconds (startsecs)
2019-09-03 19:46:47,899 INFO success: mysql entered RUNNING state, process has stayed up for > than 1 seconds (startsecs)
2019-09-03 19:46:47,899 INFO success: varnish-themes-watcher entered RUNNING state, process has stayed up for > than 1 seconds (startsecs)
2019-09-06 03:05:58,859 CRIT Supervisor running as root (no user in config file)
2019-09-06 03:05:58,860 INFO Included extra file "/etc/supervisor/conf.d/supervisord.conf" during parsing
2019-09-06 03:05:58,885 INFO RPC interface 'supervisor' initialized
2019-09-06 03:05:58,895 CRIT Server 'unix_http_server' running without any HTTP authentication checking
2019-09-06 03:05:58,896 INFO supervisord started with pid 1
2019-09-06 03:05:59,904 INFO spawned: 'varnishd' with pid 52
2019-09-06 03:05:59,907 INFO spawned: 'php-fpm' with pid 53
2019-09-06 03:05:59,917 INFO spawned: 'varnish-plugins-watcher' with pid 54
2019-09-06 03:05:59,922 INFO spawned: 'nginx' with pid 55
2019-09-06 03:05:59,934 INFO spawned: 'MailHog' with pid 56
2019-09-06 03:05:59,953 INFO spawned: 'mysql' with pid 58
2019-09-06 03:05:59,970 INFO spawned: 'varnish-themes-watcher' with pid 62
2019-09-06 03:06:01,043 INFO success: varnishd entered RUNNING state, process has stayed up for > than 1 seconds (startsecs)
2019-09-06 03:06:01,043 INFO success: php-fpm entered RUNNING state, process has stayed up for > than 1 seconds (startsecs)
2019-09-06 03:06:01,043 INFO success: varnish-plugins-watcher entered RUNNING state, process has stayed up for > than 1 seconds (startsecs)
2019-09-06 03:06:01,044 INFO success: nginx entered RUNNING state, process has stayed up for > than 1 seconds (startsecs)
2019-09-06 03:06:01,044 INFO success: MailHog entered RUNNING state, process has stayed up for > than 1 seconds (startsecs)
2019-09-06 03:06:01,044 INFO success: mysql entered RUNNING state, process has stayed up for > than 1 seconds (startsecs)
2019-09-06 03:06:01,044 INFO success: varnish-themes-watcher entered RUNNING state, process has stayed up for > than 1 seconds (startsecs)
