[31-Aug-2019 11:26:04] NOTICE: fpm is running, pid 16
[31-Aug-2019 11:26:04] NOTICE: ready to handle connections
[31-Aug-2019 11:36:23] NOTICE: Terminating ...
[31-Aug-2019 11:36:23] NOTICE: exiting, bye-bye!
[31-Aug-2019 11:36:26] NOTICE: fpm is running, pid 54
[31-Aug-2019 11:36:26] NOTICE: ready to handle connections
[31-Aug-2019 21:40:17] NOTICE: Terminating ...
[31-Aug-2019 21:40:17] NOTICE: exiting, bye-bye!
[02-Sep-2019 13:18:33] NOTICE: fpm is running, pid 52
[02-Sep-2019 13:18:33] NOTICE: ready to handle connections
[02-Sep-2019 14:36:35] NOTICE: Terminating ...
[02-Sep-2019 14:36:35] NOTICE: exiting, bye-bye!
[02-Sep-2019 20:10:56] NOTICE: fpm is running, pid 54
[02-Sep-2019 20:10:56] NOTICE: ready to handle connections
[03-Sep-2019 19:46:46] NOTICE: fpm is running, pid 56
[03-Sep-2019 19:46:46] NOTICE: ready to handle connections
[06-Sep-2019 03:06:00] NOTICE: fpm is running, pid 53
[06-Sep-2019 03:06:00] NOTICE: ready to handle connections
[17-Sep-2019 13:09:13] NOTICE: fpm is running, pid 58
[17-Sep-2019 13:09:13] NOTICE: ready to handle connections
[17-Sep-2019 14:09:25] NOTICE: Terminating ...
[17-Sep-2019 14:09:25] NOTICE: exiting, bye-bye!
[17-Sep-2019 14:09:38] NOTICE: fpm is running, pid 54
[17-Sep-2019 14:09:38] NOTICE: ready to handle connections
