2019-08-31T11:26:04.378088Z 0 [Warning] TIMESTAMP with implicit DEFAULT value is deprecated. Please use --explicit_defaults_for_timestamp server option (see documentation for more details).
2019-08-31T11:26:04.386659Z 0 [Note] /usr/sbin/mysqld (mysqld 5.7.23) starting as process 27 ...
2019-08-31T11:26:04.517465Z 0 [Note] InnoDB: PUNCH HOLE support available
2019-08-31T11:26:04.517606Z 0 [Note] InnoDB: Mutexes and rw_locks use GCC atomic builtins
2019-08-31T11:26:04.517668Z 0 [Note] InnoDB: Uses event mutexes
2019-08-31T11:26:04.517729Z 0 [Note] InnoDB: GCC builtin __atomic_thread_fence() is used for memory barrier
2019-08-31T11:26:04.517787Z 0 [Note] InnoDB: Compressed tables use zlib 1.2.3
2019-08-31T11:26:04.517845Z 0 [Note] InnoDB: Using Linux native AIO
2019-08-31T11:26:04.520910Z 0 [Note] InnoDB: Number of pools: 1
2019-08-31T11:26:04.528433Z 0 [Note] InnoDB: Using CPU crc32 instructions
2019-08-31T11:26:04.574629Z 0 [Note] InnoDB: Initializing buffer pool, total size = 32M, instances = 1, chunk size = 32M
2019-08-31T11:26:04.591576Z 0 [Note] InnoDB: Completed initialization of buffer pool
2019-08-31T11:26:04.595189Z 0 [Note] InnoDB: If the mysqld execution user is authorized, page cleaner thread priority can be changed. See the man page of setpriority().
2019-08-31T11:26:04.638127Z 0 [Note] InnoDB: Highest supported file format is Barracuda.
2019-08-31T11:26:04.640240Z 0 [Note] InnoDB: Log scan progressed past the checkpoint lsn 2588963
2019-08-31T11:26:04.640310Z 0 [Note] InnoDB: Doing recovery: scanned up to log sequence number 2591784
2019-08-31T11:26:04.646389Z 0 [Note] InnoDB: Database was not shutdown normally!
2019-08-31T11:26:04.646485Z 0 [Note] InnoDB: Starting crash recovery.
2019-08-31T11:26:05.439026Z 0 [Note] InnoDB: Starting an apply batch of log records to the database...
InnoDB: Progress in percent: 16 17 18 19 20 21 22 23 24 25 26 27 28 29 30 31 32 33 34 35 36 37 38 39 40 41 42 43 44 45 46 47 48 49 50 51 52 53 54 55 56 57 58 59 60 61 62 63 64 65 66 67 68 69 70 71 72 73 74 75 76 77 78 79 80 81 82 83 84 85 86 87 88 89 90 91 92 93 94 95 96 97 98 99 
2019-08-31T11:26:05.945877Z 0 [Note] InnoDB: Apply batch completed
2019-08-31T11:26:06.071186Z 0 [Note] InnoDB: Removed temporary tablespace data file: "ibtmp1"
2019-08-31T11:26:06.071277Z 0 [Note] InnoDB: Creating shared tablespace for temporary tables
2019-08-31T11:26:06.071370Z 0 [Note] InnoDB: Setting file './ibtmp1' size to 12 MB. Physically writing the file full; Please wait ...
2019-08-31T11:26:06.138760Z 0 [Note] InnoDB: File './ibtmp1' size is now 12 MB.
2019-08-31T11:26:06.139268Z 0 [Note] InnoDB: 96 redo rollback segment(s) found. 96 redo rollback segment(s) are active.
2019-08-31T11:26:06.139327Z 0 [Note] InnoDB: 32 non-redo rollback segment(s) are active.
2019-08-31T11:26:06.145098Z 0 [Note] InnoDB: Waiting for purge to start
2019-08-31T11:26:06.203808Z 0 [Note] InnoDB: 5.7.23 started; log sequence number 2591784
2019-08-31T11:26:06.224255Z 0 [Note] InnoDB: Loading buffer pool(s) from /var/lib/mysql/ib_buffer_pool
2019-08-31T11:26:06.229913Z 0 [Note] Plugin 'FEDERATED' is disabled.
2019-08-31T11:26:06.310313Z 0 [Note] InnoDB: Buffer pool(s) load completed at 190831 11:26:06
2019-08-31T11:26:06.352661Z 0 [Warning] Failed to set up SSL because of the following SSL library error: SSL context is not usable without certificate and private key
2019-08-31T11:26:06.352994Z 0 [Note] Server hostname (bind-address): '*'; port: 3306
2019-08-31T11:26:06.354340Z 0 [Note] IPv6 is available.
2019-08-31T11:26:06.359353Z 0 [Note]   - '::' resolves to '::';
2019-08-31T11:26:06.359469Z 0 [Note] Server socket created on IP: '::'.
2019-08-31T11:26:06.361561Z 0 [Warning] Insecure configuration for --pid-file: Location '/var/run/mysqld' in the path is accessible to all OS users. Consider choosing a different directory.
2019-08-31T11:26:06.373097Z 0 [ERROR] /usr/sbin/mysqld: Table './mysql/user' is marked as crashed and should be repaired
2019-08-31T11:26:06.373410Z 0 [Warning] Checking table:   './mysql/user'
2019-08-31T11:26:06.373494Z 0 [ERROR] 1 client is using or hasn't closed the table properly
2019-08-31T11:26:06.381287Z 0 [Warning] 'user' entry 'root@localhost' ignored in --skip-name-resolve mode.
2019-08-31T11:26:06.381428Z 0 [Warning] 'user' entry 'mysql.session@localhost' ignored in --skip-name-resolve mode.
2019-08-31T11:26:06.381515Z 0 [Warning] 'user' entry 'mysql.sys@localhost' ignored in --skip-name-resolve mode.
2019-08-31T11:26:06.382006Z 0 [Warning] 'db' entry 'performance_schema mysql.session@localhost' ignored in --skip-name-resolve mode.
2019-08-31T11:26:06.382084Z 0 [Warning] 'db' entry 'sys mysql.sys@localhost' ignored in --skip-name-resolve mode.
2019-08-31T11:26:06.382537Z 0 [Warning] 'proxies_priv' entry '@ root@localhost' ignored in --skip-name-resolve mode.
2019-08-31T11:26:06.406850Z 0 [Warning] 'tables_priv' entry 'user mysql.session@localhost' ignored in --skip-name-resolve mode.
2019-08-31T11:26:06.406983Z 0 [Warning] 'tables_priv' entry 'sys_config mysql.sys@localhost' ignored in --skip-name-resolve mode.
2019-08-31T11:26:06.485056Z 0 [Note] Event Scheduler: Loaded 0 events
2019-08-31T11:26:06.496403Z 0 [Note] /usr/sbin/mysqld: ready for connections.
Version: '5.7.23'  socket: '/var/run/mysqld/mysqld.sock'  port: 3306  MySQL Community Server (GPL)
2019-08-31T11:26:44.776587Z 4 [ERROR] /usr/sbin/mysqld: Table './mysql/proc' is marked as crashed and should be repaired
2019-08-31T11:26:44.776836Z 4 [Warning] Checking table:   './mysql/proc'
2019-08-31T11:26:44.793155Z 6 [Warning] 'user' entry 'root@localhost' ignored in --skip-name-resolve mode.
2019-08-31T11:26:44.793265Z 6 [Warning] 'user' entry 'mysql.session@localhost' ignored in --skip-name-resolve mode.
2019-08-31T11:26:44.793318Z 6 [Warning] 'user' entry 'mysql.sys@localhost' ignored in --skip-name-resolve mode.
2019-08-31T11:26:44.793378Z 6 [Warning] 'db' entry 'performance_schema mysql.session@localhost' ignored in --skip-name-resolve mode.
2019-08-31T11:26:44.793422Z 6 [Warning] 'db' entry 'sys mysql.sys@localhost' ignored in --skip-name-resolve mode.
2019-08-31T11:26:44.793472Z 6 [Warning] 'proxies_priv' entry '@ root@localhost' ignored in --skip-name-resolve mode.
2019-08-31T11:26:44.793650Z 6 [Warning] 'tables_priv' entry 'user mysql.session@localhost' ignored in --skip-name-resolve mode.
2019-08-31T11:26:44.793747Z 6 [Warning] 'tables_priv' entry 'sys_config mysql.sys@localhost' ignored in --skip-name-resolve mode.
2019-08-31T11:36:21.982426Z 0 [Note] Giving 0 client threads a chance to die gracefully
2019-08-31T11:36:21.982529Z 0 [Note] Shutting down slave threads
2019-08-31T11:36:21.982584Z 0 [Note] Forcefully disconnecting 0 remaining clients
2019-08-31T11:36:21.982638Z 0 [Note] Event Scheduler: Purging the queue. 0 events
2019-08-31T11:36:21.984644Z 0 [Note] Binlog end
2019-08-31T11:36:21.985425Z 0 [Note] Shutting down plugin 'ngram'
2019-08-31T11:36:21.985488Z 0 [Note] Shutting down plugin 'partition'
2019-08-31T11:36:21.985539Z 0 [Note] Shutting down plugin 'BLACKHOLE'
2019-08-31T11:36:21.985590Z 0 [Note] Shutting down plugin 'ARCHIVE'
2019-08-31T11:36:21.985640Z 0 [Note] Shutting down plugin 'PERFORMANCE_SCHEMA'
2019-08-31T11:36:21.985708Z 0 [Note] Shutting down plugin 'MRG_MYISAM'
2019-08-31T11:36:21.985759Z 0 [Note] Shutting down plugin 'MyISAM'
2019-08-31T11:36:21.985813Z 0 [Note] Shutting down plugin 'INNODB_SYS_VIRTUAL'
2019-08-31T11:36:21.985871Z 0 [Note] Shutting down plugin 'INNODB_SYS_DATAFILES'
2019-08-31T11:36:21.985921Z 0 [Note] Shutting down plugin 'INNODB_SYS_TABLESPACES'
2019-08-31T11:36:21.985970Z 0 [Note] Shutting down plugin 'INNODB_SYS_FOREIGN_COLS'
2019-08-31T11:36:21.986033Z 0 [Note] Shutting down plugin 'INNODB_SYS_FOREIGN'
2019-08-31T11:36:21.986081Z 0 [Note] Shutting down plugin 'INNODB_SYS_FIELDS'
2019-08-31T11:36:21.986144Z 0 [Note] Shutting down plugin 'INNODB_SYS_COLUMNS'
2019-08-31T11:36:21.986192Z 0 [Note] Shutting down plugin 'INNODB_SYS_INDEXES'
2019-08-31T11:36:21.986251Z 0 [Note] Shutting down plugin 'INNODB_SYS_TABLESTATS'
2019-08-31T11:36:21.986299Z 0 [Note] Shutting down plugin 'INNODB_SYS_TABLES'
2019-08-31T11:36:21.986365Z 0 [Note] Shutting down plugin 'INNODB_FT_INDEX_TABLE'
2019-08-31T11:36:21.986482Z 0 [Note] Shutting down plugin 'INNODB_FT_INDEX_CACHE'
2019-08-31T11:36:21.986533Z 0 [Note] Shutting down plugin 'INNODB_FT_CONFIG'
2019-08-31T11:36:21.986596Z 0 [Note] Shutting down plugin 'INNODB_FT_BEING_DELETED'
2019-08-31T11:36:21.986644Z 0 [Note] Shutting down plugin 'INNODB_FT_DELETED'
2019-08-31T11:36:21.986707Z 0 [Note] Shutting down plugin 'INNODB_FT_DEFAULT_STOPWORD'
2019-08-31T11:36:21.986754Z 0 [Note] Shutting down plugin 'INNODB_METRICS'
2019-08-31T11:36:21.986827Z 0 [Note] Shutting down plugin 'INNODB_TEMP_TABLE_INFO'
2019-08-31T11:36:21.986882Z 0 [Note] Shutting down plugin 'INNODB_BUFFER_POOL_STATS'
2019-08-31T11:36:21.986933Z 0 [Note] Shutting down plugin 'INNODB_BUFFER_PAGE_LRU'
2019-08-31T11:36:21.986980Z 0 [Note] Shutting down plugin 'INNODB_BUFFER_PAGE'
2019-08-31T11:36:21.987042Z 0 [Note] Shutting down plugin 'INNODB_CMP_PER_INDEX_RESET'
2019-08-31T11:36:21.987089Z 0 [Note] Shutting down plugin 'INNODB_CMP_PER_INDEX'
2019-08-31T11:36:21.987151Z 0 [Note] Shutting down plugin 'INNODB_CMPMEM_RESET'
2019-08-31T11:36:21.987198Z 0 [Note] Shutting down plugin 'INNODB_CMPMEM'
2019-08-31T11:36:21.987260Z 0 [Note] Shutting down plugin 'INNODB_CMP_RESET'
2019-08-31T11:36:21.987309Z 0 [Note] Shutting down plugin 'INNODB_CMP'
2019-08-31T11:36:21.987372Z 0 [Note] Shutting down plugin 'INNODB_LOCK_WAITS'
2019-08-31T11:36:21.987420Z 0 [Note] Shutting down plugin 'INNODB_LOCKS'
2019-08-31T11:36:21.987483Z 0 [Note] Shutting down plugin 'INNODB_TRX'
2019-08-31T11:36:21.987531Z 0 [Note] Shutting down plugin 'InnoDB'
2019-08-31T11:36:21.987634Z 0 [Note] InnoDB: FTS optimize thread exiting.
2019-08-31T11:36:21.987872Z 0 [Note] InnoDB: Starting shutdown...
2019-08-31T11:36:22.088134Z 0 [Note] InnoDB: Dumping buffer pool(s) to /var/lib/mysql/ib_buffer_pool
2019-08-31T11:36:22.088429Z 0 [Note] InnoDB: Buffer pool(s) dump completed at 190831 11:36:22
2019-08-31T11:36:23.296655Z 0 [Note] InnoDB: Shutdown completed; log sequence number 3915955
2019-08-31T11:36:23.298177Z 0 [Note] InnoDB: Removed temporary tablespace data file: "ibtmp1"
2019-08-31T11:36:23.298299Z 0 [Note] Shutting down plugin 'MEMORY'
2019-08-31T11:36:23.298348Z 0 [Note] Shutting down plugin 'CSV'
2019-08-31T11:36:23.298395Z 0 [Note] Shutting down plugin 'sha256_password'
2019-08-31T11:36:23.298440Z 0 [Note] Shutting down plugin 'mysql_native_password'
2019-08-31T11:36:23.298588Z 0 [Note] Shutting down plugin 'binlog'
2019-08-31T11:36:23.298880Z 0 [Note] /usr/sbin/mysqld: Shutdown complete

2019-08-31T11:36:26.555312Z 0 [Warning] TIMESTAMP with implicit DEFAULT value is deprecated. Please use --explicit_defaults_for_timestamp server option (see documentation for more details).
2019-08-31T11:36:26.555496Z 0 [Note] /usr/sbin/mysqld (mysqld 5.7.23) starting as process 73 ...
2019-08-31T11:36:26.576597Z 0 [Note] InnoDB: PUNCH HOLE support available
2019-08-31T11:36:26.576669Z 0 [Note] InnoDB: Mutexes and rw_locks use GCC atomic builtins
2019-08-31T11:36:26.576723Z 0 [Note] InnoDB: Uses event mutexes
2019-08-31T11:36:26.576773Z 0 [Note] InnoDB: GCC builtin __atomic_thread_fence() is used for memory barrier
2019-08-31T11:36:26.576821Z 0 [Note] InnoDB: Compressed tables use zlib 1.2.3
2019-08-31T11:36:26.576870Z 0 [Note] InnoDB: Using Linux native AIO
2019-08-31T11:36:26.577046Z 0 [Note] InnoDB: Number of pools: 1
2019-08-31T11:36:26.578392Z 0 [Note] InnoDB: Using CPU crc32 instructions
2019-08-31T11:36:26.580049Z 0 [Note] InnoDB: Initializing buffer pool, total size = 32M, instances = 1, chunk size = 32M
2019-08-31T11:36:26.586682Z 0 [Note] InnoDB: Completed initialization of buffer pool
2019-08-31T11:36:26.594576Z 0 [Note] InnoDB: If the mysqld execution user is authorized, page cleaner thread priority can be changed. See the man page of setpriority().
2019-08-31T11:36:26.599539Z 0 [Note] InnoDB: Highest supported file format is Barracuda.
2019-08-31T11:36:26.606299Z 0 [Note] InnoDB: Creating shared tablespace for temporary tables
2019-08-31T11:36:26.615027Z 0 [Note] InnoDB: Setting file './ibtmp1' size to 12 MB. Physically writing the file full; Please wait ...
2019-08-31T11:36:26.627596Z 0 [Note] InnoDB: File './ibtmp1' size is now 12 MB.
2019-08-31T11:36:26.628116Z 0 [Note] InnoDB: 96 redo rollback segment(s) found. 96 redo rollback segment(s) are active.
2019-08-31T11:36:26.628175Z 0 [Note] InnoDB: 32 non-redo rollback segment(s) are active.
2019-08-31T11:36:26.628605Z 0 [Note] InnoDB: Waiting for purge to start
2019-08-31T11:36:26.679438Z 0 [Note] InnoDB: 5.7.23 started; log sequence number 3915955
2019-08-31T11:36:26.679806Z 0 [Note] Plugin 'FEDERATED' is disabled.
2019-08-31T11:36:26.680632Z 0 [Warning] Failed to set up SSL because of the following SSL library error: SSL context is not usable without certificate and private key
2019-08-31T11:36:26.680709Z 0 [Note] Server hostname (bind-address): '*'; port: 3306
2019-08-31T11:36:26.680794Z 0 [Note] IPv6 is available.
2019-08-31T11:36:26.680854Z 0 [Note]   - '::' resolves to '::';
2019-08-31T11:36:26.680908Z 0 [Note] Server socket created on IP: '::'.
2019-08-31T11:36:26.682063Z 0 [Warning] 'user' entry 'root@localhost' ignored in --skip-name-resolve mode.
2019-08-31T11:36:26.682180Z 0 [Warning] 'user' entry 'mysql.session@localhost' ignored in --skip-name-resolve mode.
2019-08-31T11:36:26.682262Z 0 [Warning] 'user' entry 'mysql.sys@localhost' ignored in --skip-name-resolve mode.
2019-08-31T11:36:26.682355Z 0 [Warning] 'db' entry 'performance_schema mysql.session@localhost' ignored in --skip-name-resolve mode.
2019-08-31T11:36:26.682425Z 0 [Warning] 'db' entry 'sys mysql.sys@localhost' ignored in --skip-name-resolve mode.
2019-08-31T11:36:26.682498Z 0 [Warning] 'proxies_priv' entry '@ root@localhost' ignored in --skip-name-resolve mode.
2019-08-31T11:36:26.683241Z 0 [Warning] 'tables_priv' entry 'user mysql.session@localhost' ignored in --skip-name-resolve mode.
2019-08-31T11:36:26.683301Z 0 [Warning] 'tables_priv' entry 'sys_config mysql.sys@localhost' ignored in --skip-name-resolve mode.
2019-08-31T11:36:26.688219Z 0 [Note] InnoDB: Loading buffer pool(s) from /var/lib/mysql/ib_buffer_pool
2019-08-31T11:36:26.695380Z 0 [Note] InnoDB: Buffer pool(s) load completed at 190831 11:36:26
2019-08-31T11:36:26.695853Z 0 [Note] Event Scheduler: Loaded 0 events
2019-08-31T11:36:26.704892Z 0 [Note] /usr/sbin/mysqld: ready for connections.
Version: '5.7.23'  socket: '/var/run/mysqld/mysqld.sock'  port: 3306  MySQL Community Server (GPL)
